tls_private_key.pk: Refreshing state... [id=ce44096fd9026c47745da6d586fca58a5cfb8330]
random_password.db_password: Refreshing state... [id=none]
data.aws_ami.ubuntu: Reading...
aws_s3_bucket.uploads: Refreshing state... [id=korcan-uploads-20260306205917926800000001]
data.aws_ami.ubuntu: Read complete after 0s [id=ami-07e8817e6e54a82ee]
aws_s3_bucket_public_access_block.uploads_public: Refreshing state... [id=korcan-uploads-20260306205917926800000001]
aws_s3_bucket_policy.uploads_policy: Refreshing state... [id=korcan-uploads-20260306205917926800000001]

Terraform used the selected providers to generate the following execution
plan. Resource actions are indicated with the following symbols:
  + create

Terraform will perform the following actions:

  # aws_db_instance.default will be created
  + resource "aws_db_instance" "default" {
      + address                               = (known after apply)
      + allocated_storage                     = 20
      + apply_immediately                     = false
      + arn                                   = (known after apply)
      + auto_minor_version_upgrade            = true
      + availability_zone                     = (known after apply)
      + backup_retention_period               = (known after apply)
      + backup_target                         = (known after apply)
      + backup_window                         = (known after apply)
      + ca_cert_identifier                    = (known after apply)
      + character_set_name                    = (known after apply)
      + copy_tags_to_snapshot                 = false
      + database_insights_mode                = (known after apply)
      + db_name                               = "korcandb"
      + db_subnet_group_name                  = (known after apply)
      + dedicated_log_volume                  = false
      + delete_automated_backups              = true
      + domain_fqdn                           = (known after apply)
      + endpoint                              = (known after apply)
      + engine                                = "postgres"
      + engine_lifecycle_support              = (known after apply)
      + engine_version                        = "16"
      + engine_version_actual                 = (known after apply)
      + hosted_zone_id                        = (known after apply)
      + id                                    = (known after apply)
      + identifier                            = (known after apply)
      + identifier_prefix                     = (known after apply)
      + instance_class                        = "db.t3.micro"
      + iops                                  = (known after apply)
      + kms_key_id                            = (known after apply)
      + latest_restorable_time                = (known after apply)
      + license_model                         = (known after apply)
      + listener_endpoint                     = (known after apply)
      + maintenance_window                    = (known after apply)
      + master_user_secret                    = (known after apply)
      + master_user_secret_kms_key_id         = (known after apply)
      + monitoring_interval                   = 0
      + monitoring_role_arn                   = (known after apply)
      + multi_az                              = (known after apply)
      + nchar_character_set_name              = (known after apply)
      + network_type                          = (known after apply)
      + option_group_name                     = (known after apply)
      + parameter_group_name                  = "default.postgres16"
      + password                              = (sensitive value)
      + performance_insights_enabled          = false
      + performance_insights_kms_key_id       = (known after apply)
      + performance_insights_retention_period = (known after apply)
      + port                                  = (known after apply)
      + publicly_accessible                   = true
      + replica_mode                          = (known after apply)
      + replicas                              = (known after apply)
      + resource_id                           = (known after apply)
      + skip_final_snapshot                   = true
      + snapshot_identifier                   = (known after apply)
      + status                                = (known after apply)
      + storage_throughput                    = (known after apply)
      + storage_type                          = (known after apply)
      + tags                                  = {
          + "Name" = "KorCan-RDS"
        }
      + tags_all                              = {
          + "Name" = "KorCan-RDS"
        }
      + timezone                              = (known after apply)
      + username                              = "postgres"
      + vpc_security_group_ids                = (known after apply)
    }

  # aws_instance.web_server will be created
  + resource "aws_instance" "web_server" {
      + ami                                  = "ami-07e8817e6e54a82ee"
      + arn                                  = (known after apply)
      + associate_public_ip_address          = (known after apply)
      + availability_zone                    = (known after apply)
      + cpu_core_count                       = (known after apply)
      + cpu_threads_per_core                 = (known after apply)
      + disable_api_stop                     = (known after apply)
      + disable_api_termination              = (known after apply)
      + ebs_optimized                        = (known after apply)
      + enable_primary_ipv6                  = (known after apply)
      + get_password_data                    = false
      + host_id                              = (known after apply)
      + host_resource_group_arn              = (known after apply)
      + iam_instance_profile                 = (known after apply)
      + id                                   = (known after apply)
      + instance_initiated_shutdown_behavior = (known after apply)
      + instance_lifecycle                   = (known after apply)
      + instance_state                       = (known after apply)
      + instance_type                        = "t3.small"
      + ipv6_address_count                   = (known after apply)
      + ipv6_addresses                       = (known after apply)
      + key_name                             = "server-key"
      + monitoring                           = (known after apply)
      + outpost_arn                          = (known after apply)
      + password_data                        = (known after apply)
      + placement_group                      = (known after apply)
      + placement_partition_number           = (known after apply)
      + primary_network_interface_id         = (known after apply)
      + private_dns                          = (known after apply)
      + private_ip                           = (known after apply)
      + public_dns                           = (known after apply)
      + public_ip                            = (known after apply)
      + secondary_private_ips                = (known after apply)
      + security_groups                      = (known after apply)
      + source_dest_check                    = true
      + spot_instance_request_id             = (known after apply)
      + subnet_id                            = (known after apply)
      + tags                                 = {
          + "Name" = "KoCan-Nextjs-Server"
        }
      + tags_all                             = {
          + "Name" = "KoCan-Nextjs-Server"
        }
      + tenancy                              = (known after apply)
      + user_data                            = (known after apply)
      + user_data_base64                     = (known after apply)
      + user_data_replace_on_change          = false
      + vpc_security_group_ids               = (known after apply)
    }

  # aws_key_pair.kp will be created
  + resource "aws_key_pair" "kp" {
      + arn             = (known after apply)
      + fingerprint     = (known after apply)
      + id              = (known after apply)
      + key_name        = "server-key"
      + key_name_prefix = (known after apply)
      + key_pair_id     = (known after apply)
      + key_type        = (known after apply)
      + public_key      = "ssh-rsa AAAAB3NzaC1yc2EAAAADAQABAAACAQD0oDYzgmK/hhdXbfjkrT/4mvZYjaKZCAjKwzZs6UPEFgIjO/Yv7XMDXxxY9q8a+Eo4+SZhfOLZngR3tNaRXDG4OG88Igk2V4LmabwjMZCKI6XGmQ2HTFTgrUOWttr6UBidH29ZMUWgw7R7aWHx0aHiK5RDrcTINX0i4HAQfeWXlv5ck/sS+orlwdMINRjoTXj94MyeP/p60IOubMpPLH61enWZ60vO40JVPw7Pj5/IdpCQq05xLwK2vh39sUThVe05oZmPAmWqH8ftQWsJO2HFAKbwKr0vLiv/wbaSaIl/hTFnBR/5Ksn4YGcptQtumdzmbH2rYib2vQHISM4tLFFMlrF3mbxEvBYW9JDn9R81+dC47Z961PJduqNzChfOn4JYLZVkuSbNUKEyDMuA5gxwXiYUELsQmS9AFj2cmbMVXLh3YcAeECodyyJGS5lAkKSGW8FHcnINWa0ri9HkLLdJbDrQr6u1kWZOGlnVuDXpYgmbKV9pUr7rvTJqAo9QbtqWHH/7361sprRLVDO8YIMRwI2uYe9EaciibifJinYfYUgMAtHB6qX8OT2p2JZGlzIYqc+16qP8ngmqChORT5lsv0pEHAClY2DVCG/CksVzMBXAzAhRAdc3tbHCSun7VFb9ObJwJrX3ugeJRjg5INKnoymptrD3UEvjJOyU+B13Gw=="
      + tags_all        = (known after apply)
    }

  # aws_security_group.rds_sg will be created
  + resource "aws_security_group" "rds_sg" {
      + arn                    = (known after apply)
      + description            = "Allow PostgreSQL inbound traffic"
      + egress                 = [
          + {
              + cidr_blocks      = [
                  + "0.0.0.0/0",
                ]
              + description      = ""
              + from_port        = 0
              + ipv6_cidr_blocks = []
              + prefix_list_ids  = []
              + protocol         = "-1"
              + security_groups  = []
              + self             = false
              + to_port          = 0
            },
        ]
      + id                     = (known after apply)
      + ingress                = [
          + {
              + cidr_blocks      = [
                  + "0.0.0.0/0",
                ]
              + description      = "PostgreSQL from anywhere"
              + from_port        = 5432
              + ipv6_cidr_blocks = []
              + prefix_list_ids  = []
              + protocol         = "tcp"
              + security_groups  = []
              + self             = false
              + to_port          = 5432
            },
        ]
      + name                   = "korcan-rds-sg"
      + name_prefix            = (known after apply)
      + owner_id               = (known after apply)
      + revoke_rules_on_delete = false
      + tags_all               = (known after apply)
      + vpc_id                 = (known after apply)
    }

  # aws_security_group.web_sg will be created
  + resource "aws_security_group" "web_sg" {
      + arn                    = (known after apply)
      + description            = "Allow SSH, HTTP, HTTPS inbound traffic"
      + egress                 = [
          + {
              + cidr_blocks      = [
                  + "0.0.0.0/0",
                ]
              + description      = ""
              + from_port        = 0
              + ipv6_cidr_blocks = []
              + prefix_list_ids  = []
              + protocol         = "-1"
              + security_groups  = []
              + self             = false
              + to_port          = 0
            },
        ]
      + id                     = (known after apply)
      + ingress                = [
          + {
              + cidr_blocks      = [
                  + "0.0.0.0/0",
                ]
              + description      = "HTTP from anywhere"
              + from_port        = 80
              + ipv6_cidr_blocks = []
              + prefix_list_ids  = []
              + protocol         = "tcp"
              + security_groups  = []
              + self             = false
              + to_port          = 80
            },
          + {
              + cidr_blocks      = [
                  + "0.0.0.0/0",
                ]
              + description      = "HTTPS from anywhere"
              + from_port        = 443
              + ipv6_cidr_blocks = []
              + prefix_list_ids  = []
              + protocol         = "tcp"
              + security_groups  = []
              + self             = false
              + to_port          = 443
            },
          + {
              + cidr_blocks      = [
                  + "0.0.0.0/0",
                ]
              + description      = "SSH from anywhere"
              + from_port        = 22
              + ipv6_cidr_blocks = []
              + prefix_list_ids  = []
              + protocol         = "tcp"
              + security_groups  = []
              + self             = false
              + to_port          = 22
            },
        ]
      + name                   = "korcan-web-sg"
      + name_prefix            = (known after apply)
      + owner_id               = (known after apply)
      + revoke_rules_on_delete = false
      + tags_all               = (known after apply)
      + vpc_id                 = (known after apply)
    }

  # local_file.ssh_key will be created
  + resource "local_file" "ssh_key" {
      + content              = (sensitive value)
      + content_base64sha256 = (known after apply)
      + content_base64sha512 = (known after apply)
      + content_md5          = (known after apply)
      + content_sha1         = (known after apply)
      + content_sha256       = (known after apply)
      + content_sha512       = (known after apply)
      + directory_permission = "0777"
      + file_permission      = "0400"
      + filename             = "./../server-key.pem"
      + id                   = (known after apply)
    }

Plan: 6 to add, 0 to change, 0 to destroy.

Changes to Outputs:
  + instance_public_ip = (known after apply)
  + rds_endpoint       = (known after apply)
  + ssh_command        = (known after apply)
local_file.ssh_key: Creating...
local_file.ssh_key: Creation complete after 0s [id=bbb0d43ede8603473110402993201ba421003aaa]
aws_key_pair.kp: Creating...
aws_security_group.rds_sg: Creating...
aws_security_group.web_sg: Creating...
aws_key_pair.kp: Creation complete after 0s [id=server-key]
aws_security_group.web_sg: Creation complete after 3s [id=sg-03c540dd797836293]
aws_instance.web_server: Creating...
aws_security_group.rds_sg: Creation complete after 3s [id=sg-0ad7892f6bcecb433]
aws_db_instance.default: Creating...
aws_instance.web_server: Still creating... [10s elapsed]
aws_db_instance.default: Still creating... [10s elapsed]
aws_instance.web_server: Creation complete after 13s [id=i-0dbf10f32b222ce3d]
aws_db_instance.default: Still creating... [20s elapsed]
aws_db_instance.default: Still creating... [30s elapsed]
aws_db_instance.default: Still creating... [40s elapsed]
aws_db_instance.default: Still creating... [50s elapsed]
aws_db_instance.default: Still creating... [1m0s elapsed]
aws_db_instance.default: Still creating... [1m10s elapsed]
aws_db_instance.default: Still creating... [1m20s elapsed]
aws_db_instance.default: Still creating... [1m30s elapsed]
aws_db_instance.default: Still creating... [1m40s elapsed]
aws_db_instance.default: Still creating... [1m50s elapsed]
aws_db_instance.default: Still creating... [2m0s elapsed]
aws_db_instance.default: Still creating... [2m10s elapsed]
aws_db_instance.default: Still creating... [2m20s elapsed]
aws_db_instance.default: Still creating... [2m30s elapsed]
aws_db_instance.default: Still creating... [2m40s elapsed]
aws_db_instance.default: Still creating... [2m50s elapsed]
aws_db_instance.default: Still creating... [3m0s elapsed]
aws_db_instance.default: Still creating... [3m10s elapsed]
aws_db_instance.default: Still creating... [3m20s elapsed]
aws_db_instance.default: Still creating... [3m30s elapsed]
aws_db_instance.default: Still creating... [3m40s elapsed]
aws_db_instance.default: Still creating... [3m50s elapsed]
aws_db_instance.default: Still creating... [4m0s elapsed]
aws_db_instance.default: Still creating... [4m10s elapsed]
aws_db_instance.default: Still creating... [4m20s elapsed]
aws_db_instance.default: Still creating... [4m30s elapsed]
aws_db_instance.default: Still creating... [4m40s elapsed]
aws_db_instance.default: Still creating... [4m50s elapsed]
aws_db_instance.default: Still creating... [5m0s elapsed]
aws_db_instance.default: Creation complete after 5m6s [id=db-I5XQ4VQUCN5NG5FTHTS7H2DQWQ]

Apply complete! Resources: 6 added, 0 changed, 0 destroyed.

Outputs:

db_password = <sensitive>
instance_public_ip = "52.60.224.252"
rds_endpoint = "terraform-20260306210021075200000002.che266msghtr.ca-central-1.rds.amazonaws.com:5432"
s3_bucket_name = "korcan-uploads-20260306205917926800000001"
ssh_command = "ssh -i server-key.pem ubuntu@52.60.224.252"
